This is pdfTeX, Version 3.141592653-2.6-1.40.24 (MiKTeX 22.10) (preloaded format=pdflatex 2023.3.20)  30 MAR 2023 14:30
entering extended mode
 restricted \write18 enabled.
 %&-line parsing enabled.
**./soal_dan_jawaban.tex
(soal_dan_jawaban.tex
LaTeX2e <2022-06-01> patch level 5
L3 programming layer <2022-09-28>
(D:\Program Files\Downloads\tex/latex/base\report.cls
Document Class: report 2021/10/04 v1.4n Standard LaTeX document class
(D:\Program Files\Downloads\tex/latex/base\size10.clo
File: size10.clo 2021/10/04 v1.4n Standard LaTeX file (size option)
)
\c@part=\count185
\c@chapter=\count186
\c@section=\count187
\c@subsection=\count188
\c@subsubsection=\count189
\c@paragraph=\count190
\c@subparagraph=\count191
\c@figure=\count192
\c@table=\count193
\abovecaptionskip=\skip47
\belowcaptionskip=\skip48
\bibindent=\dimen138
)
(D:\Program Files\Downloads\tex/latex/graphics\graphicx.sty
Package: graphicx 2021/09/16 v1.2d Enhanced LaTeX Graphics (DPC,SPQR)

(D:\Program Files\Downloads\tex/latex/graphics\keyval.sty
Package: keyval 2022/05/29 v1.15 key=value parser (DPC)
\KV@toks@=\toks16
)
(D:\Program Files\Downloads\tex/latex/graphics\graphics.sty
Package: graphics 2022/03/10 v1.4e Standard LaTeX Graphics (DPC,SPQR)

(D:\Program Files\Downloads\tex/latex/graphics\trig.sty
Package: trig 2021/08/11 v1.11 sin cos tan (DPC)
)
(D:\Program Files\Downloads\tex/latex/graphics-cfg\graphics.cfg
File: graphics.cfg 2016/06/04 v1.11 sample graphics configuration
)
Package graphics Info: Driver file: pdftex.def on input line 107.

(D:\Program Files\Downloads\tex/latex/graphics-def\pdftex.def
File: pdftex.def 2022/09/22 v1.2b Graphics/color driver for pdftex
\stockwidth=\dimen139
\stockheight=\dimen140
))
\Gin@req@height=\dimen141
\Gin@req@width=\dimen142
)
(D:\Program Files\Downloads\tex/latex/booktabs\booktabs.sty
Package: booktabs 2020/01/12 v1.61803398 Publication quality tables
\heavyrulewidth=\dimen143
\lightrulewidth=\dimen144
\cmidrulewidth=\dimen145
\belowrulesep=\dimen146
\belowbottomsep=\dimen147
\aboverulesep=\dimen148
\abovetopsep=\dimen149
\cmidrulesep=\dimen150
\cmidrulekern=\dimen151
\defaultaddspace=\dimen152
\@cmidla=\count194
\@cmidlb=\count195
\@aboverulesep=\dimen153
\@belowrulesep=\dimen154
\@thisruleclass=\count196
\@lastruleclass=\count197
\@thisrulewidth=\dimen155
)
(D:\Program Files\Downloads\tex/latex/adjustbox\adjustbox.sty
Package: adjustbox 2022/10/17 v1.3a Adjusting TeX boxes (trim, clip, ...)

(D:\Program Files\Downloads\tex/latex/xkeyval\xkeyval.sty
Package: xkeyval 2022/06/16 v2.9 package option processing (HA)

(D:\Program Files\Downloads\tex/generic/xkeyval\xkeyval.tex
(D:\Program Files\Downloads\tex/generic/xkeyval\xkvutils.tex
\XKV@toks=\toks17
\XKV@tempa@toks=\toks18
)
\XKV@depth=\count198
File: xkeyval.tex 2014/12/03 v2.7a key=value parser (HA)
))
(D:\Program Files\Downloads\tex/latex/adjustbox\adjcalc.sty
Package: adjcalc 2012/05/16 v1.1 Provides advanced setlength with multiple back
-ends (calc, etex, pgfmath)
)
(D:\Program Files\Downloads\tex/latex/adjustbox\trimclip.sty
Package: trimclip 2020/08/19 v1.2 Trim and clip general TeX material

(D:\Program Files\Downloads\tex/latex/collectbox\collectbox.sty
Package: collectbox 2022/10/17 v0.4c Collect macro arguments as boxes
\collectedbox=\box51
)
\tc@llx=\dimen156
\tc@lly=\dimen157
\tc@urx=\dimen158
\tc@ury=\dimen159
Package trimclip Info: Using driver 'tc-pdftex.def'.

(D:\Program Files\Downloads\tex/latex/adjustbox\tc-pdftex.def
File: tc-pdftex.def 2019/01/04 v2.2 Clipping driver for pdftex
))
\adjbox@Width=\dimen160
\adjbox@Height=\dimen161
\adjbox@Depth=\dimen162
\adjbox@Totalheight=\dimen163
\adjbox@pwidth=\dimen164
\adjbox@pheight=\dimen165
\adjbox@pdepth=\dimen166
\adjbox@ptotalheight=\dimen167

(D:\Program Files\Downloads\tex/latex/ifoddpage\ifoddpage.sty
Package: ifoddpage 2022/10/18 v1.2 Conditionals for odd/even page detection
\c@checkoddpage=\count199
)
(D:\Program Files\Downloads\tex/latex/varwidth\varwidth.sty
Package: varwidth 2009/03/30 ver 0.92;  Variable-width minipages
\@vwid@box=\box52
\sift@deathcycles=\count266
\@vwid@loff=\dimen168
\@vwid@roff=\dimen169
))
(D:\Program Files\Downloads\tex/latex/pgf-pie\pgf-pie.sty
Package: pgf-pie 2022/06/14 v0.7 Some LaTeX macros for pie chart by using PGF/T
ikz package.

(D:\Program Files\Downloads\tex/latex/pgf/frontendlayer\tikz.sty
(D:\Program Files\Downloads\tex/latex/pgf/basiclayer\pgf.sty
(D:\Program Files\Downloads\tex/latex/pgf/utilities\pgfrcs.sty
(D:\Program Files\Downloads\tex/generic/pgf/utilities\pgfutil-common.tex
\pgfutil@everybye=\toks19
\pgfutil@tempdima=\dimen170
\pgfutil@tempdimb=\dimen171

(D:\Program Files\Downloads\tex/generic/pgf/utilities\pgfutil-common-lists.tex)
) (D:\Program Files\Downloads\tex/generic/pgf/utilities\pgfutil-latex.def
\pgfutil@abb=\box53
)
(D:\Program Files\Downloads\tex/generic/pgf/utilities\pgfrcs.code.tex
(D:\Program Files\Downloads\tex/generic/pgf\pgf.revision.tex)
Package: pgfrcs 2021/05/15 v3.1.9a (3.1.9a)
))
Package: pgf 2021/05/15 v3.1.9a (3.1.9a)

(D:\Program Files\Downloads\tex/latex/pgf/basiclayer\pgfcore.sty
(D:\Program Files\Downloads\tex/latex/pgf/systemlayer\pgfsys.sty
(D:\Program Files\Downloads\tex/generic/pgf/systemlayer\pgfsys.code.tex
Package: pgfsys 2021/05/15 v3.1.9a (3.1.9a)

(D:\Program Files\Downloads\tex/generic/pgf/utilities\pgfkeys.code.tex
\pgfkeys@pathtoks=\toks20
\pgfkeys@temptoks=\toks21

(D:\Program Files\Downloads\tex/generic/pgf/utilities\pgfkeysfiltered.code.tex
\pgfkeys@tmptoks=\toks22
))
\pgf@x=\dimen172
\pgf@y=\dimen173
\pgf@xa=\dimen174
\pgf@ya=\dimen175
\pgf@xb=\dimen176
\pgf@yb=\dimen177
\pgf@xc=\dimen178
\pgf@yc=\dimen179
\pgf@xd=\dimen180
\pgf@yd=\dimen181
\w@pgf@writea=\write3
\r@pgf@reada=\read2
\c@pgf@counta=\count267
\c@pgf@countb=\count268
\c@pgf@countc=\count269
\c@pgf@countd=\count270
\t@pgf@toka=\toks23
\t@pgf@tokb=\toks24
\t@pgf@tokc=\toks25
\pgf@sys@id@count=\count271
 (D:\Program Files\Downloads\tex/generic/pgf/systemlayer\pgf.cfg
File: pgf.cfg 2021/05/15 v3.1.9a (3.1.9a)
)
Driver file for pgf: pgfsys-pdftex.def

(D:\Program Files\Downloads\tex/generic/pgf/systemlayer\pgfsys-pdftex.def
File: pgfsys-pdftex.def 2021/05/15 v3.1.9a (3.1.9a)

(D:\Program Files\Downloads\tex/generic/pgf/systemlayer\pgfsys-common-pdf.def
File: pgfsys-common-pdf.def 2021/05/15 v3.1.9a (3.1.9a)
)))
(D:\Program Files\Downloads\tex/generic/pgf/systemlayer\pgfsyssoftpath.code.tex
File: pgfsyssoftpath.code.tex 2021/05/15 v3.1.9a (3.1.9a)
\pgfsyssoftpath@smallbuffer@items=\count272
\pgfsyssoftpath@bigbuffer@items=\count273
)
(D:\Program Files\Downloads\tex/generic/pgf/systemlayer\pgfsysprotocol.code.tex
File: pgfsysprotocol.code.tex 2021/05/15 v3.1.9a (3.1.9a)
)) (D:\Program Files\Downloads\tex/latex/xcolor\xcolor.sty
Package: xcolor 2022/06/12 v2.14 LaTeX color extensions (UK)

(D:\Program Files\Downloads\tex/latex/graphics-cfg\color.cfg
File: color.cfg 2016/01/02 v1.6 sample color configuration
)
Package xcolor Info: Driver file: pdftex.def on input line 227.

(D:\Program Files\Downloads\tex/latex/graphics\mathcolor.ltx)
Package xcolor Info: Model `cmy' substituted by `cmy0' on input line 1353.
Package xcolor Info: Model `hsb' substituted by `rgb' on input line 1357.
Package xcolor Info: Model `RGB' extended on input line 1369.
Package xcolor Info: Model `HTML' substituted by `rgb' on input line 1371.
Package xcolor Info: Model `Hsb' substituted by `hsb' on input line 1372.
Package xcolor Info: Model `tHsb' substituted by `hsb' on input line 1373.
Package xcolor Info: Model `HSB' substituted by `hsb' on input line 1374.
Package xcolor Info: Model `Gray' substituted by `gray' on input line 1375.
Package xcolor Info: Model `wave' substituted by `hsb' on input line 1376.
)
(D:\Program Files\Downloads\tex/generic/pgf/basiclayer\pgfcore.code.tex
Package: pgfcore 2021/05/15 v3.1.9a (3.1.9a)

(D:\Program Files\Downloads\tex/generic/pgf/math\pgfmath.code.tex
(D:\Program Files\Downloads\tex/generic/pgf/math\pgfmathcalc.code.tex
(D:\Program Files\Downloads\tex/generic/pgf/math\pgfmathutil.code.tex)
(D:\Program Files\Downloads\tex/generic/pgf/math\pgfmathparser.code.tex
\pgfmath@dimen=\dimen182
\pgfmath@count=\count274
\pgfmath@box=\box54
\pgfmath@toks=\toks26
\pgfmath@stack@operand=\toks27
\pgfmath@stack@operation=\toks28
)
(D:\Program Files\Downloads\tex/generic/pgf/math\pgfmathfunctions.code.tex
(D:\Program Files\Downloads\tex/generic/pgf/math\pgfmathfunctions.basic.code.te
x)
(D:\Program Files\Downloads\tex/generic/pgf/math\pgfmathfunctions.trigonometric
.code.tex)
(D:\Program Files\Downloads\tex/generic/pgf/math\pgfmathfunctions.random.code.t
ex)
(D:\Program Files\Downloads\tex/generic/pgf/math\pgfmathfunctions.comparison.co
de.tex)
(D:\Program Files\Downloads\tex/generic/pgf/math\pgfmathfunctions.base.code.tex
)
(D:\Program Files\Downloads\tex/generic/pgf/math\pgfmathfunctions.round.code.te
x)
(D:\Program Files\Downloads\tex/generic/pgf/math\pgfmathfunctions.misc.code.tex
)
(D:\Program Files\Downloads\tex/generic/pgf/math\pgfmathfunctions.integerarithm
etics.code.tex)))
(D:\Program Files\Downloads\tex/generic/pgf/math\pgfmathfloat.code.tex
\c@pgfmathroundto@lastzeros=\count275
))
(D:\Program Files\Downloads\tex/generic/pgf/math\pgfint.code.tex)
(D:\Program Files\Downloads\tex/generic/pgf/basiclayer\pgfcorepoints.code.tex
File: pgfcorepoints.code.tex 2021/05/15 v3.1.9a (3.1.9a)
\pgf@picminx=\dimen183
\pgf@picmaxx=\dimen184
\pgf@picminy=\dimen185
\pgf@picmaxy=\dimen186
\pgf@pathminx=\dimen187
\pgf@pathmaxx=\dimen188
\pgf@pathminy=\dimen189
\pgf@pathmaxy=\dimen190
\pgf@xx=\dimen191
\pgf@xy=\dimen192
\pgf@yx=\dimen193
\pgf@yy=\dimen194
\pgf@zx=\dimen195
\pgf@zy=\dimen196
)
(D:\Program Files\Downloads\tex/generic/pgf/basiclayer\pgfcorepathconstruct.cod
e.tex
File: pgfcorepathconstruct.code.tex 2021/05/15 v3.1.9a (3.1.9a)
\pgf@path@lastx=\dimen197
\pgf@path@lasty=\dimen198
)
(D:\Program Files\Downloads\tex/generic/pgf/basiclayer\pgfcorepathusage.code.te
x
File: pgfcorepathusage.code.tex 2021/05/15 v3.1.9a (3.1.9a)
\pgf@shorten@end@additional=\dimen199
\pgf@shorten@start@additional=\dimen256
)
(D:\Program Files\Downloads\tex/generic/pgf/basiclayer\pgfcorescopes.code.tex
File: pgfcorescopes.code.tex 2021/05/15 v3.1.9a (3.1.9a)
\pgfpic=\box55
\pgf@hbox=\box56
\pgf@layerbox@main=\box57
\pgf@picture@serial@count=\count276
)
(D:\Program Files\Downloads\tex/generic/pgf/basiclayer\pgfcoregraphicstate.code
.tex
File: pgfcoregraphicstate.code.tex 2021/05/15 v3.1.9a (3.1.9a)
\pgflinewidth=\dimen257
)
(D:\Program Files\Downloads\tex/generic/pgf/basiclayer\pgfcoretransformations.c
ode.tex
File: pgfcoretransformations.code.tex 2021/05/15 v3.1.9a (3.1.9a)
\pgf@pt@x=\dimen258
\pgf@pt@y=\dimen259
\pgf@pt@temp=\dimen260
)
(D:\Program Files\Downloads\tex/generic/pgf/basiclayer\pgfcorequick.code.tex
File: pgfcorequick.code.tex 2021/05/15 v3.1.9a (3.1.9a)
)
(D:\Program Files\Downloads\tex/generic/pgf/basiclayer\pgfcoreobjects.code.tex
File: pgfcoreobjects.code.tex 2021/05/15 v3.1.9a (3.1.9a)
)
(D:\Program Files\Downloads\tex/generic/pgf/basiclayer\pgfcorepathprocessing.co
de.tex
File: pgfcorepathprocessing.code.tex 2021/05/15 v3.1.9a (3.1.9a)
)
(D:\Program Files\Downloads\tex/generic/pgf/basiclayer\pgfcorearrows.code.tex
File: pgfcorearrows.code.tex 2021/05/15 v3.1.9a (3.1.9a)
\pgfarrowsep=\dimen261
)
(D:\Program Files\Downloads\tex/generic/pgf/basiclayer\pgfcoreshade.code.tex
File: pgfcoreshade.code.tex 2021/05/15 v3.1.9a (3.1.9a)
\pgf@max=\dimen262
\pgf@sys@shading@range@num=\count277
\pgf@shadingcount=\count278
)
(D:\Program Files\Downloads\tex/generic/pgf/basiclayer\pgfcoreimage.code.tex
File: pgfcoreimage.code.tex 2021/05/15 v3.1.9a (3.1.9a)

(D:\Program Files\Downloads\tex/generic/pgf/basiclayer\pgfcoreexternal.code.tex
File: pgfcoreexternal.code.tex 2021/05/15 v3.1.9a (3.1.9a)
\pgfexternal@startupbox=\box58
))
(D:\Program Files\Downloads\tex/generic/pgf/basiclayer\pgfcorelayers.code.tex
File: pgfcorelayers.code.tex 2021/05/15 v3.1.9a (3.1.9a)
)
(D:\Program Files\Downloads\tex/generic/pgf/basiclayer\pgfcoretransparency.code
.tex
File: pgfcoretransparency.code.tex 2021/05/15 v3.1.9a (3.1.9a)
)
(D:\Program Files\Downloads\tex/generic/pgf/basiclayer\pgfcorepatterns.code.tex
File: pgfcorepatterns.code.tex 2021/05/15 v3.1.9a (3.1.9a)
) (D:\Program Files\Downloads\tex/generic/pgf/basiclayer\pgfcorerdf.code.tex
File: pgfcorerdf.code.tex 2021/05/15 v3.1.9a (3.1.9a)
))) (D:\Program Files\Downloads\tex/generic/pgf/modules\pgfmoduleshapes.code.te
x
File: pgfmoduleshapes.code.tex 2021/05/15 v3.1.9a (3.1.9a)
\pgfnodeparttextbox=\box59
)
(D:\Program Files\Downloads\tex/generic/pgf/modules\pgfmoduleplot.code.tex
File: pgfmoduleplot.code.tex 2021/05/15 v3.1.9a (3.1.9a)
)
(D:\Program Files\Downloads\tex/latex/pgf/compatibility\pgfcomp-version-0-65.st
y
Package: pgfcomp-version-0-65 2021/05/15 v3.1.9a (3.1.9a)
\pgf@nodesepstart=\dimen263
\pgf@nodesepend=\dimen264
)
(D:\Program Files\Downloads\tex/latex/pgf/compatibility\pgfcomp-version-1-18.st
y
Package: pgfcomp-version-1-18 2021/05/15 v3.1.9a (3.1.9a)
)) (D:\Program Files\Downloads\tex/latex/pgf/utilities\pgffor.sty
(D:\Program Files\Downloads\tex/latex/pgf/utilities\pgfkeys.sty
(D:\Program Files\Downloads\tex/generic/pgf/utilities\pgfkeys.code.tex))
(D:\Program Files\Downloads\tex/latex/pgf/math\pgfmath.sty
(D:\Program Files\Downloads\tex/generic/pgf/math\pgfmath.code.tex))
(D:\Program Files\Downloads\tex/generic/pgf/utilities\pgffor.code.tex
Package: pgffor 2021/05/15 v3.1.9a (3.1.9a)

(D:\Program Files\Downloads\tex/generic/pgf/math\pgfmath.code.tex)
\pgffor@iter=\dimen265
\pgffor@skip=\dimen266
\pgffor@stack=\toks29
\pgffor@toks=\toks30
))
(D:\Program Files\Downloads\tex/generic/pgf/frontendlayer/tikz\tikz.code.tex
Package: tikz 2021/05/15 v3.1.9a (3.1.9a)

(D:\Program Files\Downloads\tex/generic/pgf/libraries\pgflibraryplothandlers.co
de.tex
File: pgflibraryplothandlers.code.tex 2021/05/15 v3.1.9a (3.1.9a)
\pgf@plot@mark@count=\count279
\pgfplotmarksize=\dimen267
)
\tikz@lastx=\dimen268
\tikz@lasty=\dimen269
\tikz@lastxsaved=\dimen270
\tikz@lastysaved=\dimen271
\tikz@lastmovetox=\dimen272
\tikz@lastmovetoy=\dimen273
\tikzleveldistance=\dimen274
\tikzsiblingdistance=\dimen275
\tikz@figbox=\box60
\tikz@figbox@bg=\box61
\tikz@tempbox=\box62
\tikz@tempbox@bg=\box63
\tikztreelevel=\count280
\tikznumberofchildren=\count281
\tikznumberofcurrentchild=\count282
\tikz@fig@count=\count283

(D:\Program Files\Downloads\tex/generic/pgf/modules\pgfmodulematrix.code.tex
File: pgfmodulematrix.code.tex 2021/05/15 v3.1.9a (3.1.9a)
\pgfmatrixcurrentrow=\count284
\pgfmatrixcurrentcolumn=\count285
\pgf@matrix@numberofcolumns=\count286
)
\tikz@expandcount=\count287

(D:\Program Files\Downloads\tex/generic/pgf/frontendlayer/tikz/libraries\tikzli
brarytopaths.code.tex
File: tikzlibrarytopaths.code.tex 2021/05/15 v3.1.9a (3.1.9a)
)))
(D:\Program Files\Downloads\tex/latex/pgf-pie\tikzlibrarypie.code.tex
(D:\Program Files\Downloads\tex/latex/carlisle\scalefnt.sty)
\pgfpie@angleEnd=\dimen276
\pgfpie@explodeLength=\count288
\pgfpie@colorLength=\count289
\pgfpie@sliceLength=\count290
))
(D:\Program Files\Downloads\tex/latex/hyperref\hyperref.sty
Package: hyperref 2022-09-22 v7.00t Hypertext links for LaTeX

(D:\Program Files\Downloads\tex/generic/ltxcmds\ltxcmds.sty
Package: ltxcmds 2020-05-10 v1.25 LaTeX kernel commands for general use (HO)
)
(D:\Program Files\Downloads\tex/generic/iftex\iftex.sty
Package: iftex 2022/02/03 v1.0f TeX engine tests
)
(D:\Program Files\Downloads\tex/generic/pdftexcmds\pdftexcmds.sty
Package: pdftexcmds 2020-06-27 v0.33 Utility functions of pdfTeX for LuaTeX (HO
)

(D:\Program Files\Downloads\tex/generic/infwarerr\infwarerr.sty
Package: infwarerr 2019/12/03 v1.5 Providing info/warning/error messages (HO)
)
Package pdftexcmds Info: \pdf@primitive is available.
Package pdftexcmds Info: \pdf@ifprimitive is available.
Package pdftexcmds Info: \pdfdraftmode found.
)
(D:\Program Files\Downloads\tex/latex/kvsetkeys\kvsetkeys.sty
Package: kvsetkeys 2022-10-05 v1.19 Key value parser (HO)
)
(D:\Program Files\Downloads\tex/generic/kvdefinekeys\kvdefinekeys.sty
Package: kvdefinekeys 2019-12-19 v1.6 Define keys (HO)
)
(D:\Program Files\Downloads\tex/generic/pdfescape\pdfescape.sty
Package: pdfescape 2019/12/09 v1.15 Implements pdfTeX's escape features (HO)
)
(D:\Program Files\Downloads\tex/latex/hycolor\hycolor.sty
Package: hycolor 2020-01-27 v1.10 Color options for hyperref/bookmark (HO)
)
(D:\Program Files\Downloads\tex/latex/letltxmacro\letltxmacro.sty
Package: letltxmacro 2019/12/03 v1.6 Let assignment for LaTeX macros (HO)
)
(D:\Program Files\Downloads\tex/latex/auxhook\auxhook.sty
Package: auxhook 2019-12-17 v1.6 Hooks for auxiliary files (HO)
)
(D:\Program Files\Downloads\tex/latex/hyperref\nameref.sty
Package: nameref 2022-05-17 v2.50 Cross-referencing by name of section

(D:\Program Files\Downloads\tex/latex/refcount\refcount.sty
Package: refcount 2019/12/15 v3.6 Data extraction from label references (HO)
)
(D:\Program Files\Downloads\tex/generic/gettitlestring\gettitlestring.sty
Package: gettitlestring 2019/12/15 v1.6 Cleanup title references (HO)

(D:\Program Files\Downloads\tex/latex/kvoptions\kvoptions.sty
Package: kvoptions 2022-06-15 v3.15 Key value format for package options (HO)
))
\c@section@level=\count291
)
\@linkdim=\dimen277
\Hy@linkcounter=\count292
\Hy@pagecounter=\count293

(D:\Program Files\Downloads\tex/latex/hyperref\pd1enc.def
File: pd1enc.def 2022-09-22 v7.00t Hyperref: PDFDocEncoding definition (HO)
Now handling font encoding PD1 ...
... no UTF-8 mapping file for font encoding PD1
)
(D:\Program Files\Downloads\tex/generic/intcalc\intcalc.sty
Package: intcalc 2019/12/15 v1.3 Expandable calculations with integers (HO)
)
(D:\Program Files\Downloads\tex/generic/etexcmds\etexcmds.sty
Package: etexcmds 2019/12/15 v1.7 Avoid name clashes with e-TeX commands (HO)
)
\Hy@SavedSpaceFactor=\count294

(D:\Program Files\Downloads\tex/latex/hyperref\puenc.def
File: puenc.def 2022-09-22 v7.00t Hyperref: PDF Unicode definition (HO)
Now handling font encoding PU ...
... no UTF-8 mapping file for font encoding PU
)
Package hyperref Info: Hyper figures OFF on input line 4162.
Package hyperref Info: Link nesting OFF on input line 4167.
Package hyperref Info: Hyper index ON on input line 4170.
Package hyperref Info: Plain pages OFF on input line 4177.
Package hyperref Info: Backreferencing OFF on input line 4182.
Package hyperref Info: Implicit mode ON; LaTeX internals redefined.
Package hyperref Info: Bookmarks ON on input line 4410.
\c@Hy@tempcnt=\count295

(D:\Program Files\Downloads\tex/latex/url\url.sty
\Urlmuskip=\muskip16
Package: url 2013/09/16  ver 3.4  Verb mode for urls, etc.
)
LaTeX Info: Redefining \url on input line 4748.
\XeTeXLinkMargin=\dimen278

(D:\Program Files\Downloads\tex/generic/bitset\bitset.sty
Package: bitset 2019/12/09 v1.3 Handle bit-vector datatype (HO)

(D:\Program Files\Downloads\tex/generic/bigintcalc\bigintcalc.sty
Package: bigintcalc 2019/12/15 v1.5 Expandable calculations on big integers (HO
)
))
\Fld@menulength=\count296
\Field@Width=\dimen279
\Fld@charsize=\dimen280
Package hyperref Info: Hyper figures OFF on input line 6027.
Package hyperref Info: Link nesting OFF on input line 6032.
Package hyperref Info: Hyper index ON on input line 6035.
Package hyperref Info: backreferencing OFF on input line 6042.
Package hyperref Info: Link coloring OFF on input line 6047.
Package hyperref Info: Link coloring with OCG OFF on input line 6052.
Package hyperref Info: PDF/A mode OFF on input line 6057.

(D:\Program Files\Downloads\tex/latex/base\atbegshi-ltx.sty
Package: atbegshi-ltx 2021/01/10 v1.0c Emulation of the original atbegshi
package with kernel methods
)
\Hy@abspage=\count297
\c@Item=\count298
\c@Hfootnote=\count299
)
Package hyperref Info: Driver (autodetected): hpdftex.

(D:\Program Files\Downloads\tex/latex/hyperref\hpdftex.def
File: hpdftex.def 2022-09-22 v7.00t Hyperref driver for pdfTeX

(D:\Program Files\Downloads\tex/latex/base\atveryend-ltx.sty
Package: atveryend-ltx 2020/08/19 v1.0a Emulation of the original atveryend pac
kage
with kernel methods
)
\Fld@listcount=\count300
\c@bookmark@seq@number=\count301

(D:\Program Files\Downloads\tex/latex/rerunfilecheck\rerunfilecheck.sty
Package: rerunfilecheck 2022-07-10 v1.10 Rerun checks for auxiliary files (HO)

(D:\Program Files\Downloads\tex/generic/uniquecounter\uniquecounter.sty
Package: uniquecounter 2019/12/15 v1.4 Provide unlimited unique counter (HO)
)
Package uniquecounter Info: New unique counter `rerunfilecheck' on input line 2
85.
)
\Hy@SectionHShift=\skip49
)
(D:\Program Files\Downloads\tex/latex/enumitem\enumitem.sty
Package: enumitem 2019/06/20 v3.9 Customized lists
\labelindent=\skip50
\enit@outerparindent=\dimen281
\enit@toks=\toks31
\enit@inbox=\box64
\enit@count@id=\count302
\enitdp@description=\count303
)
(D:\Program Files\Downloads\tex/latex/amsmath\amsmath.sty
Package: amsmath 2022/04/08 v2.17n AMS math features
\@mathmargin=\skip51

For additional information on amsmath, use the `?' option.
(D:\Program Files\Downloads\tex/latex/amsmath\amstext.sty
Package: amstext 2021/08/26 v2.01 AMS text

(D:\Program Files\Downloads\tex/latex/amsmath\amsgen.sty
File: amsgen.sty 1999/11/30 v2.0 generic functions
\@emptytoks=\toks32
\ex@=\dimen282
))
(D:\Program Files\Downloads\tex/latex/amsmath\amsbsy.sty
Package: amsbsy 1999/11/29 v1.2d Bold Symbols
\pmbraise@=\dimen283
)
(D:\Program Files\Downloads\tex/latex/amsmath\amsopn.sty
Package: amsopn 2022/04/08 v2.04 operator names
)
\inf@bad=\count304
LaTeX Info: Redefining \frac on input line 234.
\uproot@=\count305
\leftroot@=\count306
LaTeX Info: Redefining \overline on input line 399.
LaTeX Info: Redefining \colon on input line 410.
\classnum@=\count307
\DOTSCASE@=\count308
LaTeX Info: Redefining \ldots on input line 496.
LaTeX Info: Redefining \dots on input line 499.
LaTeX Info: Redefining \cdots on input line 620.
\Mathstrutbox@=\box65
\strutbox@=\box66
LaTeX Info: Redefining \big on input line 722.
LaTeX Info: Redefining \Big on input line 723.
LaTeX Info: Redefining \bigg on input line 724.
LaTeX Info: Redefining \Bigg on input line 725.
\big@size=\dimen284
LaTeX Font Info:    Redeclaring font encoding OML on input line 743.
LaTeX Font Info:    Redeclaring font encoding OMS on input line 744.
\macc@depth=\count309
LaTeX Info: Redefining \bmod on input line 905.
LaTeX Info: Redefining \pmod on input line 910.
LaTeX Info: Redefining \smash on input line 940.
LaTeX Info: Redefining \relbar on input line 970.
LaTeX Info: Redefining \Relbar on input line 971.
\c@MaxMatrixCols=\count310
\dotsspace@=\muskip17
\c@parentequation=\count311
\dspbrk@lvl=\count312
\tag@help=\toks33
\row@=\count313
\column@=\count314
\maxfields@=\count315
\andhelp@=\toks34
\eqnshift@=\dimen285
\alignsep@=\dimen286
\tagshift@=\dimen287
\tagwidth@=\dimen288
\totwidth@=\dimen289
\lineht@=\dimen290
\@envbody=\toks35
\multlinegap=\skip52
\multlinetaggap=\skip53
\mathdisplay@stack=\toks36
LaTeX Info: Redefining \[ on input line 2953.
LaTeX Info: Redefining \] on input line 2954.
)
(D:\Program Files\Downloads\tex/latex/cancel\cancel.sty
Package: cancel 2013/04/12 v2.2 Cancel math terms
)
(D:\Program Files\Downloads\tex/latex/titlesec\titlesec.sty
Package: titlesec 2021/07/05 v2.14 Sectioning titles
\ttl@box=\box67
\beforetitleunit=\skip54
\aftertitleunit=\skip55
\ttl@plus=\dimen291
\ttl@minus=\dimen292
\ttl@toksa=\toks37
\titlewidth=\dimen293
\titlewidthlast=\dimen294
\titlewidthfirst=\dimen295
)
(D:\Program Files\Downloads\tex/latex/chngcntr\chngcntr.sty
Package: chngcntr 2018/04/09 v1.1a change counter resetting
Package chngcntr Info: \counterwithout already defined.
(chngcntr)             Quitting chngcntr on input line 21.
)
(D:\Program Files\Downloads\tex/latex/accents\accents.sty
Package: accents 2006/05/12 v1.4 Math Accent Tools
\cc@skew=\dimen296
\cc@wd=\dimen297
\cc@code=\count316
\cc@group=\count317
\cc@skewchar=\count318
)
(D:\Program Files\Downloads\tex/latex/pgfplots\pgfplots.sty
(D:\Program Files\Downloads\tex/generic/pgfplots\pgfplots.revision.tex)
Package: pgfplots 2021/05/15 v1.18.1 Data Visualization (1.18.1)

(D:\Program Files\Downloads\tex/generic/pgfplots\pgfplots.code.tex
(D:\Program Files\Downloads\tex/generic/pgfplots\pgfplotscore.code.tex
\t@pgfplots@toka=\toks38
\t@pgfplots@tokb=\toks39
\t@pgfplots@tokc=\toks40
\pgfplots@tmpa=\dimen298
\c@pgfplots@coordindex=\count319
\c@pgfplots@scanlineindex=\count320

(D:\Program Files\Downloads\tex/generic/pgfplots/sys\pgfplotssysgeneric.code.te
x))
(D:\Program Files\Downloads\tex/generic/pgfplots/libs\pgfplotslibrary.code.tex)

(D:\Program Files\Downloads\tex/generic/pgfplots/oldpgfcompatib\pgfplotsoldpgfs
upp_loader.code.tex
(D:\Program Files\Downloads\tex/generic/pgf/libraries\pgflibraryfpu.code.tex))
(D:\Program Files\Downloads\tex/generic/pgfplots/util\pgfplotsutil.code.tex
(D:\Program Files\Downloads\tex/generic/pgfplots/liststructure\pgfplotsliststru
cture.code.tex)
(D:\Program Files\Downloads\tex/generic/pgfplots/liststructure\pgfplotsliststru
ctureext.code.tex)
(D:\Program Files\Downloads\tex/generic/pgfplots/liststructure\pgfplotsarray.co
de.tex
\c@pgfplotsarray@tmp=\count321
)
(D:\Program Files\Downloads\tex/generic/pgfplots/liststructure\pgfplotsmatrix.c
ode.tex)
(D:\Program Files\Downloads\tex/generic/pgfplots/numtable\pgfplotstableshared.c
ode.tex
\c@pgfplotstable@counta=\count322
\t@pgfplotstable@a=\toks41
)
(D:\Program Files\Downloads\tex/generic/pgfplots/liststructure\pgfplotsdeque.co
de.tex)
(D:\Program Files\Downloads\tex/generic/pgfplots/util\pgfplotsbinary.code.tex
(D:\Program Files\Downloads\tex/generic/pgfplots/util\pgfplotsbinary.data.code.
tex))
(D:\Program Files\Downloads\tex/generic/pgfplots/util\pgfplotsutil.verb.code.te
x)
(D:\Program Files\Downloads\tex/generic/pgfplots/libs\pgflibrarypgfplots.surfsh
ading.code.tex
\c@pgfplotslibrarysurf@no=\count323

(D:\Program Files\Downloads\tex/generic/pgfplots/sys\pgflibrarypgfplots.surfsha
ding.pgfsys-pdftex.def)))
(D:\Program Files\Downloads\tex/generic/pgfplots/util\pgfplotscolormap.code.tex
(D:\Program Files\Downloads\tex/generic/pgfplots/util\pgfplotscolor.code.tex))
(D:\Program Files\Downloads\tex/generic/pgfplots\pgfplotsstackedplots.code.tex)
(D:\Program Files\Downloads\tex/generic/pgfplots\pgfplotsplothandlers.code.tex
(D:\Program Files\Downloads\tex/generic/pgfplots\pgfplotsmeshplothandler.code.t
ex
(D:\Program Files\Downloads\tex/generic/pgfplots\pgfplotsmeshplotimage.code.tex
))) (D:\Program Files\Downloads\tex/generic/pgfplots\pgfplots.scaling.code.tex)

(D:\Program Files\Downloads\tex/generic/pgfplots\pgfplotscoordprocessing.code.t
ex)
(D:\Program Files\Downloads\tex/generic/pgfplots\pgfplots.errorbars.code.tex)
(D:\Program Files\Downloads\tex/generic/pgfplots\pgfplots.markers.code.tex)
(D:\Program Files\Downloads\tex/generic/pgfplots\pgfplotsticks.code.tex)
(D:\Program Files\Downloads\tex/generic/pgfplots\pgfplots.paths.code.tex)
(D:\Program Files\Downloads\tex/generic/pgf/frontendlayer/tikz/libraries\tikzli
brarydecorations.code.tex
(D:\Program Files\Downloads\tex/generic/pgf/modules\pgfmoduledecorations.code.t
ex
\pgfdecoratedcompleteddistance=\dimen299
\pgfdecoratedremainingdistance=\dimen300
\pgfdecoratedinputsegmentcompleteddistance=\dimen301
\pgfdecoratedinputsegmentremainingdistance=\dimen302
\pgf@decorate@distancetomove=\dimen303
\pgf@decorate@repeatstate=\count324
\pgfdecorationsegmentamplitude=\dimen304
\pgfdecorationsegmentlength=\dimen305
)
\tikz@lib@dec@box=\box68
)
(D:\Program Files\Downloads\tex/generic/pgf/frontendlayer/tikz/libraries\tikzli
brarydecorations.pathmorphing.code.tex
(D:\Program Files\Downloads\tex/generic/pgf/libraries/decorations\pgflibrarydec
orations.pathmorphing.code.tex))
(D:\Program Files\Downloads\tex/generic/pgf/frontendlayer/tikz/libraries\tikzli
brarydecorations.pathreplacing.code.tex
(D:\Program Files\Downloads\tex/generic/pgf/libraries/decorations\pgflibrarydec
orations.pathreplacing.code.tex))
(D:\Program Files\Downloads\tex/generic/pgfplots/libs\tikzlibrarypgfplots.conto
urlua.code.tex)
\pgfplots@numplots=\count325
\pgfplots@xmin@reg=\dimen306
\pgfplots@xmax@reg=\dimen307
\pgfplots@ymin@reg=\dimen308
\pgfplots@ymax@reg=\dimen309
\pgfplots@zmin@reg=\dimen310
\pgfplots@zmax@reg=\dimen311
)
(D:\Program Files\Downloads\tex/generic/pgf/frontendlayer/tikz/libraries\tikzli
braryplotmarks.code.tex
File: tikzlibraryplotmarks.code.tex 2021/05/15 v3.1.9a (3.1.9a)

(D:\Program Files\Downloads\tex/generic/pgf/libraries\pgflibraryplotmarks.code.
tex
File: pgflibraryplotmarks.code.tex 2021/05/15 v3.1.9a (3.1.9a)
))) (D:\Program Files\Downloads\tex/latex/setspace\setspace.sty
Package: setspace 2022/12/04 v6.7b set line spacing
)
(D:\Program Files\Downloads\tex/latex/tikzmark\tikzlibrarytikzmark.code.tex
File: tikzlibrarytikzmark.code.tex 2022/08/24 v1.15 TikZ library for marking po
sitions in a document

(D:\Program Files\Downloads\tex/latex/l3kernel\expl3.sty
Package: expl3 2022-09-28 L3 programming layer (loader) 

(D:\Program Files\Downloads\tex/latex/l3backend\l3backend-pdftex.def
File: l3backend-pdftex.def 2022-09-28 L3 backend support: PDF output (pdfTeX)
\l__color_backend_stack_int=\count326
\l__pdf_internal_box=\box69
))
(D:\Program Files\Downloads\tex/latex/l3packages/l3keys2e\l3keys2e.sty
Package: l3keys2e 2022-06-22 LaTeX2e option processing using LaTeX3 keys
)
(D:\Program Files\Downloads\tex/latex/l3packages/xparse\xparse.sty
Package: xparse 2022-06-22 L3 Experimental document command parser
)
\l__sn_x_dim=\dimen312
\l__sn_y_dim=\dimen313
\l__sn_xa_dim=\dimen314
\l__sn_ya_dim=\dimen315
)
(D:\Program Files\Downloads\tex/generic/pgf/frontendlayer/tikz/libraries\tikzli
braryarrows.code.tex
File: tikzlibraryarrows.code.tex 2021/05/15 v3.1.9a (3.1.9a)

(D:\Program Files\Downloads\tex/generic/pgf/libraries\pgflibraryarrows.code.tex
File: pgflibraryarrows.code.tex 2021/05/15 v3.1.9a (3.1.9a)
\arrowsize=\dimen316
))
(D:\Program Files\Downloads\tex/generic/pgf/frontendlayer/tikz/libraries\tikzli
brarymatrix.code.tex
File: tikzlibrarymatrix.code.tex 2021/05/15 v3.1.9a (3.1.9a)
)
Package hyperref Info: Option `colorlinks' set `true' on input line 29.
 (soal_dan_jawaban.aux)
\openout1 = `soal_dan_jawaban.aux'.

LaTeX Font Info:    Checking defaults for OML/cmm/m/it on input line 52.
LaTeX Font Info:    ... okay on input line 52.
LaTeX Font Info:    Checking defaults for OMS/cmsy/m/n on input line 52.
LaTeX Font Info:    ... okay on input line 52.
LaTeX Font Info:    Checking defaults for OT1/cmr/m/n on input line 52.
LaTeX Font Info:    ... okay on input line 52.
LaTeX Font Info:    Checking defaults for T1/cmr/m/n on input line 52.
LaTeX Font Info:    ... okay on input line 52.
LaTeX Font Info:    Checking defaults for TS1/cmr/m/n on input line 52.
LaTeX Font Info:    ... okay on input line 52.
LaTeX Font Info:    Checking defaults for OMX/cmex/m/n on input line 52.
LaTeX Font Info:    ... okay on input line 52.
LaTeX Font Info:    Checking defaults for U/cmr/m/n on input line 52.
LaTeX Font Info:    ... okay on input line 52.
LaTeX Font Info:    Checking defaults for PD1/pdf/m/n on input line 52.
LaTeX Font Info:    ... okay on input line 52.
LaTeX Font Info:    Checking defaults for PU/pdf/m/n on input line 52.
LaTeX Font Info:    ... okay on input line 52.

(D:\Program Files\Downloads\tex/context/base/mkii\supp-pdf.mkii
[Loading MPS to PDF converter (version 2006.09.02).]
\scratchcounter=\count327
\scratchdimen=\dimen317
\scratchbox=\box70
\nofMPsegments=\count328
\nofMParguments=\count329
\everyMPshowfont=\toks42
\MPscratchCnt=\count330
\MPscratchDim=\dimen318
\MPnumerator=\count331
\makeMPintoPDFobject=\count332
\everyMPtoPDFconversion=\toks43
) (D:\Program Files\Downloads\tex/latex/epstopdf-pkg\epstopdf-base.sty
Package: epstopdf-base 2020-01-24 v2.11 Base part for package epstopdf
Package epstopdf-base Info: Redefining graphics rule for `.eps' on input line 4
85.

(D:\Program Files\Downloads\tex/latex/00miktex\epstopdf-sys.cfg
File: epstopdf-sys.cfg 2021/03/18 v2.0 Configuration of epstopdf for MiKTeX
))
Package hyperref Info: Link coloring ON on input line 52.

(soal_dan_jawaban.out) (soal_dan_jawaban.out)
\@outlinefile=\write4
\openout4 = `soal_dan_jawaban.out'.


Package pgfplots notification 'compat/show suggested version=true': document ha
s been generated with the most recent feature set (\pgfplotsset{compat=1.18}).


Underfull \hbox (badness 10000) in paragraph at lines 66--67

 []


Underfull \hbox (badness 10000) in paragraph at lines 84--85

 []

[1

{C:/Users/ASUS/AppData/Local/MiKTeX/fonts/map/pdftex/pdftex.map}] [2]
Underfull \hbox (badness 10000) in paragraph at lines 144--145

 []


Underfull \hbox (badness 10000) in paragraph at lines 162--163

 []

[3]
Overfull \hbox (0.58109pt too wide) in paragraph at lines 206--225
[] \OT1/cmr/m/n/10 Per-samaan grafik fungsi
 []

[4] [5] [6]
Underfull \hbox (badness 10000) in paragraph at lines 392--394

 []

[7]
<sarrus.png, id=122, 231.11343pt x 132.495pt>
File: sarrus.png Graphic file (type png)
<use sarrus.png>
Package pdftex.def Info: sarrus.png  used on input line 432.
(pdftex.def)             Requested size: 231.11287pt x 132.49466pt.
File: sarrus.png Graphic file (type png)
<use sarrus.png>
Package pdftex.def Info: sarrus.png  used on input line 432.
(pdftex.def)             Requested size: 231.11287pt x 132.49466pt.

Overfull \hbox (98.33351pt too wide) detected at line 443
[]
 []

[8 <./sarrus.png>]
Underfull \hbox (badness 10000) in paragraph at lines 578--579

 []

[9]
Underfull \hbox (badness 10000) in paragraph at lines 627--629

 []


Underfull \hbox (badness 10000) in paragraph at lines 627--629

 []

<graf_pertidak.png, id=147, 140.77594pt x 124.96687pt>
File: graf_pertidak.png Graphic file (type png)
<use graf_pertidak.png>
Package pdftex.def Info: graf_pertidak.png  used on input line 643.
(pdftex.def)             Requested size: 140.77557pt x 124.96657pt.

Underfull \hbox (badness 10000) in paragraph at lines 651--654

 []

[10 <./graf_pertidak.png>] [11]
Underfull \hbox (badness 10000) in paragraph at lines 699--700

 []

[12] [13]
Underfull \hbox (badness 10000) in paragraph at lines 762--763

 []

[14]
Underfull \hbox (badness 10000) in paragraph at lines 806--810

 []

<seg_19.jpg, id=204, 901.3675pt x 584.1825pt>
File: seg_19.jpg Graphic file (type jpg)
<use seg_19.jpg>
Package pdftex.def Info: seg_19.jpg  used on input line 811.
(pdftex.def)             Requested size: 901.36528pt x 584.18106pt.
[15 <./seg_19.jpg>]
Underfull \hbox (badness 10000) in paragraph at lines 827--829

 []


Underfull \hbox (badness 10000) in paragraph at lines 832--835

 []

[16]
Underfull \hbox (badness 10000) in paragraph at lines 857--858

 []

<cube_21.jpg, id=225, 972.63374pt x 929.4725pt>
File: cube_21.jpg Graphic file (type jpg)
<use cube_21.jpg>
Package pdftex.def Info: cube_21.jpg  used on input line 859.
(pdftex.def)             Requested size: 972.63136pt x 929.47025pt.
<seg_21.jpg, id=226, 639.38875pt x 678.535pt>
File: seg_21.jpg Graphic file (type jpg)
<use seg_21.jpg>
Package pdftex.def Info: seg_21.jpg  used on input line 866.
(pdftex.def)             Requested size: 639.38718pt x 678.53334pt.
[17 <./cube_21.jpg>]
Underfull \hbox (badness 10000) in paragraph at lines 884--885

 []

[18 <./seg_21.jpg>]
Underfull \hbox (badness 10000) in paragraph at lines 898--899

 []


Underfull \hbox (badness 10000) in paragraph at lines 915--916

 []


Underfull \hbox (badness 10000) in paragraph at lines 930--931

 []

[19]
Underfull \hbox (badness 10000) in paragraph at lines 942--943

 []


Overfull \hbox (10.49911pt too wide) detected at line 952
[]
 []


Underfull \hbox (badness 10000) in paragraph at lines 961--963

 []

[20]
Overfull \hbox (46.64494pt too wide) detected at line 977
[]
 []


Underfull \hbox (badness 10000) in paragraph at lines 986--987

 []

[21]
Underfull \hbox (badness 10000) in paragraph at lines 1004--1009

 []


Underfull \hbox (badness 10000) in paragraph at lines 1017--1022

 []

[22]
Underfull \hbox (badness 10000) in paragraph at lines 1039--1040

 []


Underfull \hbox (badness 10000) in paragraph at lines 1044--1049

 []


Underfull \hbox (badness 10000) in paragraph at lines 1057--1058

 []

[23]
Underfull \hbox (badness 10000) in paragraph at lines 1072--1073

 []


Underfull \hbox (badness 10000) in paragraph at lines 1084--1085

 []

[24]
Underfull \hbox (badness 10000) in paragraph at lines 1103--1104

 []

[25]
Underfull \hbox (badness 10000) in paragraph at lines 1122--1124

 []


Underfull \hbox (badness 10000) in paragraph at lines 1149--1151

 []


Underfull \hbox (badness 10000) in paragraph at lines 1149--1151

 []


Underfull \hbox (badness 10000) in paragraph at lines 1170--1176

 []

[26]
Underfull \hbox (badness 10000) in paragraph at lines 1177--1178

 []


Underfull \hbox (badness 10000) in paragraph at lines 1200--1201

 []

[27]
Underfull \hbox (badness 10000) in paragraph at lines 1212--1213

 []


Underfull \hbox (badness 10000) in paragraph at lines 1229--1230

 []

[28] [29] (soal_dan_jawaban.aux)
Package rerunfilecheck Info: File `soal_dan_jawaban.out' has not changed.
(rerunfilecheck)             Checksum: D41D8CD98F00B204E9800998ECF8427E;0.
 ) 
Here is how much of TeX's memory you used:
 33278 strings out of 475385
 785256 string characters out of 2785318
 1258596 words of memory out of 3000000
 53837 multiletter control sequences out of 15000+600000
 471321 words of font info for 35 fonts, out of 8000000 for 9000
 1141 hyphenation exceptions out of 8191
 99i,19n,103p,735b,2336s stack positions out of 10000i,1000n,20000p,200000b,80000s
 <C:\Users\ASUS\AppData\Local\MiKTeX\fonts/pk/ljfour/jknappen/ec/dpi600\tcrm1
000.pk><D:/Program Files/Downloads/fonts/type1/public/amsfonts/cm/cmbx10.pfb><D
:/Program Files/Downloads/fonts/type1/public/amsfonts/cm/cmex10.pfb><D:/Program
 Files/Downloads/fonts/type1/public/amsfonts/cm/cmmi10.pfb><D:/Program Files/Do
wnloads/fonts/type1/public/amsfonts/cm/cmmi5.pfb><D:/Program Files/Downloads/fo
nts/type1/public/amsfonts/cm/cmmi7.pfb><D:/Program Files/Downloads/fonts/type1/
public/amsfonts/cm/cmr10.pfb><D:/Program Files/Downloads/fonts/type1/public/ams
fonts/cm/cmr5.pfb><D:/Program Files/Downloads/fonts/type1/public/amsfonts/cm/cm
r7.pfb><D:/Program Files/Downloads/fonts/type1/public/amsfonts/cm/cmsy10.pfb><D
:/Program Files/Downloads/fonts/type1/public/amsfonts/cm/cmsy5.pfb><D:/Program 
Files/Downloads/fonts/type1/public/amsfonts/cm/cmsy7.pfb><D:/Program Files/Down
loads/fonts/type1/public/amsfonts/cm/cmti10.pfb><D:/Program Files/Downloads/fon
ts/type1/public/amsfonts/latxfont/line10.pfb>
Output written on soal_dan_jawaban.pdf (29 pages, 571985 bytes).
PDF statistics:
 520 PDF objects out of 1000 (max. 8388607)
 286 named destinations out of 1000 (max. 500000)
 38 words of extra memory for PDF output out of 10000 (max. 10000000)

